build/app/intermediates/manifest_merge_blame_file/debug/manifest-merger-blame-debug-report.txt
1<?xml version="1.0" encoding="utf-8"?>
2<manifest xmlns:android="http://schemas.android.com/apk/res/android"
3    package="com.example.app"
4    android:versionCode="1"
5    android:versionName="1.0.0" >
6
7    <uses-sdk
8        android:minSdkVersion="21"
9        android:targetSdkVersion="31" />
10    <!--
11         Flutter needs it to communicate with the running application
12         to allow setting breakpoints, to provide hot reload, etc.
13    -->
14    <uses-permission android:name="android.permission.INTERNET" />
14-->src/debug/AndroidManifest.xml:6:5-66
14-->src/debug/AndroidManifest.xml:6:22-64
15    <uses-permission
15-->src/main/AndroidManifest.xml:3:5-120
16        android:name="android.permission.BLUETOOTH_SCAN"
16-->src/main/AndroidManifest.xml:3:22-70
17        android:usesPermissionFlags="neverForLocation" />
17-->src/main/AndroidManifest.xml:3:71-117
18    <uses-permission
18-->src/main/AndroidManifest.xml:4:5-106
19        android:name="android.permission.ACCESS_FINE_LOCATION"
19-->src/main/AndroidManifest.xml:4:22-76
20        android:maxSdkVersion="30" />
20-->src/main/AndroidManifest.xml:4:77-103
21    <uses-permission
21-->src/main/AndroidManifest.xml:5:5-108
22        android:name="android.permission.ACCESS_COARSE_LOCATION"
22-->src/main/AndroidManifest.xml:5:22-78
23        android:maxSdkVersion="30" /> <!-- Polar SDK needs Bluetooth scan permission to search for BLE devices. -->
23-->src/main/AndroidManifest.xml:5:79-105
24    <!-- <uses-permission android:name="android.permission.BLUETOOTH_SCAN" android:usesPermissionFlags="neverForLocation" /> -->
25    <!-- Polar SDK needs Bluetooth connect permission to connect for found BLE devices. -->
26    <uses-permission android:name="android.permission.BLUETOOTH_CONNECT" />
26-->[:polar] AndroidManifest.xml:21:5-76
26-->[:polar] AndroidManifest.xml:21:22-73
27    <!--
28     Allows Polar SDK to connect to paired bluetooth devices. Legacy Bluetooth permission,
29     which is needed on devices with API 30 (Android Q) or older.
30    -->
31    <uses-permission
31-->[:polar] AndroidManifest.xml:27:5-29:38
32        android:name="android.permission.BLUETOOTH"
32-->[:polar] AndroidManifest.xml:28:9-52
33        android:maxSdkVersion="30" />
33-->[:polar] AndroidManifest.xml:29:9-35
34    <!--
35     Allows Polar SDK to discover and pair bluetooth devices. Legacy Bluetooth permission,
36     which is needed on devices with API 30 (Android Q) or older.
37    -->
38    <uses-permission
38-->[:polar] AndroidManifest.xml:35:5-37:38
39        android:name="android.permission.BLUETOOTH_ADMIN"
39-->[:polar] AndroidManifest.xml:36:9-58
40        android:maxSdkVersion="30" /> <!-- Although the *SdkVersion is captured in gradle build files, this is required for non gradle builds -->
40-->[:polar] AndroidManifest.xml:37:9-35
41    <!-- <uses-sdk android:minSdkVersion="14"/> -->
42    <uses-permission android:name="android.permission.ACCESS_NETWORK_STATE" />
42-->[com.google.firebase:firebase-database:20.0.5] AndroidManifest.xml:25:5-79
42-->[com.google.firebase:firebase-database:20.0.5] AndroidManifest.xml:25:22-76
43
44    <application
45        android:name="android.app.Application"
46        android:appComponentFactory="androidx.core.app.CoreComponentFactory"
46-->[androidx.core:core:1.7.0] AndroidManifest.xml:24:18-86
47        android:debuggable="true"
48        android:icon="@mipmap/ic_launcher"
49        android:label="app" >
50        <activity
51            android:name="com.example.app.MainActivity"
52            android:configChanges="orientation|keyboardHidden|keyboard|screenSize|smallestScreenSize|locale|layoutDirection|fontScale|screenLayout|density|uiMode"
53            android:exported="true"
54            android:hardwareAccelerated="true"
55            android:launchMode="singleTop"
56            android:theme="@style/LaunchTheme"
57            android:windowSoftInputMode="adjustResize" >
58
59            <!--
60                 Specifies an Android theme to apply to this Activity as soon as
61                 the Android process has started. This theme is visible to the user
62                 while the Flutter UI initializes. After that, this theme continues
63                 to determine the Window background behind the Flutter UI.
64            -->
65            <meta-data
66                android:name="io.flutter.embedding.android.NormalTheme"
67                android:resource="@style/NormalTheme" />
68
69            <intent-filter>
70                <action android:name="android.intent.action.MAIN" />
71
72                <category android:name="android.intent.category.LAUNCHER" />
73            </intent-filter>
74        </activity>
75        <!--
76             Don't delete the meta-data below.
77             This is used by the Flutter tool to generate GeneratedPluginRegistrant.java
78        -->
79        <meta-data
80            android:name="flutterEmbedding"
81            android:value="2" />
82
83        <service
83-->[:firebase_database] AndroidManifest.xml:8:9-12:19
84            android:name="com.google.firebase.components.ComponentDiscoveryService"
84-->[:firebase_database] AndroidManifest.xml:8:18-89
85            android:directBootAware="true"
85-->[com.google.firebase:firebase-common:20.1.1] AndroidManifest.xml:35:13-43
86            android:exported="false" >
86-->[com.google.firebase:firebase-database:20.0.5] AndroidManifest.xml:31:13-37
87            <meta-data
87-->[:firebase_database] AndroidManifest.xml:9:13-11:85
88                android:name="com.google.firebase.components:io.flutter.plugins.firebase.database.FlutterFirebaseAppRegistrar"
88-->[:firebase_database] AndroidManifest.xml:10:17-127
89                android:value="com.google.firebase.components.ComponentRegistrar" />
89-->[:firebase_database] AndroidManifest.xml:11:17-82
90            <meta-data
90-->[:firebase_core] AndroidManifest.xml:9:13-11:85
91                android:name="com.google.firebase.components:io.flutter.plugins.firebase.core.FlutterFirebaseCoreRegistrar"
91-->[:firebase_core] AndroidManifest.xml:10:17-124
92                android:value="com.google.firebase.components.ComponentRegistrar" />
92-->[:firebase_core] AndroidManifest.xml:11:17-82
93            <meta-data
93-->[com.google.firebase:firebase-database:20.0.5] AndroidManifest.xml:32:13-34:85
94                android:name="com.google.firebase.components:com.google.firebase.database.DatabaseRegistrar"
94-->[com.google.firebase:firebase-database:20.0.5] AndroidManifest.xml:33:17-109
95                android:value="com.google.firebase.components.ComponentRegistrar" />
95-->[com.google.firebase:firebase-database:20.0.5] AndroidManifest.xml:34:17-82
96        </service>
97
98        <uses-library
98-->[androidx.window:window:1.0.0-beta04] AndroidManifest.xml:25:9-27:40
99            android:name="androidx.window.extensions"
99-->[androidx.window:window:1.0.0-beta04] AndroidManifest.xml:26:13-54
100            android:required="false" />
100-->[androidx.window:window:1.0.0-beta04] AndroidManifest.xml:27:13-37
101        <uses-library
101-->[androidx.window:window:1.0.0-beta04] AndroidManifest.xml:28:9-30:40
102            android:name="androidx.window.sidecar"
102-->[androidx.window:window:1.0.0-beta04] AndroidManifest.xml:29:13-51
103            android:required="false" />
103-->[androidx.window:window:1.0.0-beta04] AndroidManifest.xml:30:13-37
104
105        <provider
105-->[com.google.firebase:firebase-common:20.1.1] AndroidManifest.xml:26:9-31:39
106            android:name="com.google.firebase.provider.FirebaseInitProvider"
106-->[com.google.firebase:firebase-common:20.1.1] AndroidManifest.xml:27:13-77
107            android:authorities="com.example.app.firebaseinitprovider"
107-->[com.google.firebase:firebase-common:20.1.1] AndroidManifest.xml:28:13-72
108            android:directBootAware="true"
108-->[com.google.firebase:firebase-common:20.1.1] AndroidManifest.xml:29:13-43
109            android:exported="false"
109-->[com.google.firebase:firebase-common:20.1.1] AndroidManifest.xml:30:13-37
110            android:initOrder="100" />
110-->[com.google.firebase:firebase-common:20.1.1] AndroidManifest.xml:31:13-36
111
112        <activity
112-->[com.google.android.gms:play-services-base:18.0.1] AndroidManifest.xml:20:9-22:45
113            android:name="com.google.android.gms.common.api.GoogleApiActivity"
113-->[com.google.android.gms:play-services-base:18.0.1] AndroidManifest.xml:20:19-85
114            android:exported="false"
114-->[com.google.android.gms:play-services-base:18.0.1] AndroidManifest.xml:22:19-43
115            android:theme="@android:style/Theme.Translucent.NoTitleBar" />
115-->[com.google.android.gms:play-services-base:18.0.1] AndroidManifest.xml:21:19-78
116
117        <meta-data
117-->[com.google.android.gms:play-services-basement:18.0.0] AndroidManifest.xml:21:9-23:69
118            android:name="com.google.android.gms.version"
118-->[com.google.android.gms:play-services-basement:18.0.0] AndroidManifest.xml:22:13-58
119            android:value="@integer/google_play_services_version" />
119-->[com.google.android.gms:play-services-basement:18.0.0] AndroidManifest.xml:23:13-66
120    </application>
121
122</manifest>